DEB [20191031-18:56:52.754] thr=1   paramiko.transport: starting thread (client mode): 0xb7236d6cL
DEB [20191031-18:56:52.755] thr=1   paramiko.transport: Local version/idstring: SSH-2.0-paramiko_2.4.0
DEB [20191031-18:56:52.846] thr=1   paramiko.transport: Remote version/idstring: SSH-2.0-libssh_0.8.3
INF [20191031-18:56:52.846] thr=1   paramiko.transport: Connected (version 2.0, client libssh_0.8.3)
DEB [20191031-18:56:52.847] thr=1   paramiko.transport: kex algos:[u'curve25519-sha256', u'curve25519-sha256@libssh.org', u'ecdh-sha2-nistp256', u'ecdh-sha2-nistp384', u'ecdh-sha2-nistp521', u'diffie-hellman-group16-sha512', u'diffie-hellman-group18-sha512', u'diffie-hellman-group14-sha1', u'diffie-hellman-group1-sha1'] server key:[u'ecdsa-sha2-nistp256', u'ssh-dss', u'rsa-sha2-512', u'rsa-sha2-256', u'ssh-rsa'] client encrypt:[u'chacha20-poly1305@openssh.com', u'aes256-ctr', u'aes192-ctr', u'aes128-ctr', u'aes256-cbc', u'aes192-cbc', u'aes128-cbc', u'blowfish-cbc', u'3des-cbc'] server encrypt:[u'chacha20-poly1305@openssh.com', u'aes256-ctr', u'aes192-ctr', u'aes128-ctr', u'aes256-cbc', u'aes192-cbc', u'aes128-cbc', u'blowfish-cbc', u'3des-cbc'] client mac:[u'hmac-sha2-256', u'hmac-sha2-512', u'hmac-sha1'] server mac:[u'hmac-sha2-256', u'hmac-sha2-512', u'hmac-sha1'] client compress:[u'none', u'zlib', u'zlib@openssh.com'] server compress:[u'none', u'zlib', u'zlib@openssh.com'] client lang:[u''] server lang:[u''] kex follows?False
DEB [20191031-18:56:52.847] thr=1   paramiko.transport: Kex agreed: ecdh-sha2-nistp256
DEB [20191031-18:56:52.847] thr=1   paramiko.transport: HostKey agreed: ecdsa-sha2-nistp256
DEB [20191031-18:56:52.847] thr=1   paramiko.transport: Cipher agreed: aes128-ctr
DEB [20191031-18:56:52.847] thr=1   paramiko.transport: MAC agreed: hmac-sha2-256
DEB [20191031-18:56:52.848] thr=1   paramiko.transport: Compression agreed: none
DEB [20191031-18:56:53.070] thr=1   paramiko.transport: kex engine KexNistp256 specified hash_algo <built-in function openssl_sha256>
DEB [20191031-18:56:53.161] thr=1   paramiko.transport: Switch to new keys ...
DEB [20191031-18:56:53.167] thr=2   paramiko.transport: [chan 0] Max packet in: 32768 bytes
DEB [20191031-18:56:53.396] thr=1   paramiko.transport: [chan 0] Max packet out: 35000 bytes
DEB [20191031-18:56:53.396] thr=1   paramiko.transport: Secsh channel 0 opened.
DEB [20191031-18:56:53.506] thr=1   paramiko.transport: [chan 0] Sesch channel 0 request ok
DEB [20191031-18:56:53.608] thr=1   paramiko.transport: EOF in transport thread
DEB [20191031-18:57:57.050] thr=1   paramiko.transport: starting thread (client mode): 0xb7274d8cL
DEB [20191031-18:57:57.050] thr=1   paramiko.transport: Local version/idstring: SSH-2.0-paramiko_2.4.0
DEB [20191031-18:57:57.137] thr=1   paramiko.transport: Remote version/idstring: SSH-2.0-libssh_0.8.3
INF [20191031-18:57:57.138] thr=1   paramiko.transport: Connected (version 2.0, client libssh_0.8.3)
DEB [20191031-18:57:57.239] thr=1   paramiko.transport: kex algos:[u'curve25519-sha256', u'curve25519-sha256@libssh.org', u'ecdh-sha2-nistp256', u'ecdh-sha2-nistp384', u'ecdh-sha2-nistp521', u'diffie-hellman-group16-sha512', u'diffie-hellman-group18-sha512', u'diffie-hellman-group14-sha1', u'diffie-hellman-group1-sha1'] server key:[u'ecdsa-sha2-nistp256', u'ssh-dss', u'rsa-sha2-512', u'rsa-sha2-256', u'ssh-rsa'] client encrypt:[u'chacha20-poly1305@openssh.com', u'aes256-ctr', u'aes192-ctr', u'aes128-ctr', u'aes256-cbc', u'aes192-cbc', u'aes128-cbc', u'blowfish-cbc', u'3des-cbc'] server encrypt:[u'chacha20-poly1305@openssh.com', u'aes256-ctr', u'aes192-ctr', u'aes128-ctr', u'aes256-cbc', u'aes192-cbc', u'aes128-cbc', u'blowfish-cbc', u'3des-cbc'] client mac:[u'hmac-sha2-256', u'hmac-sha2-512', u'hmac-sha1'] server mac:[u'hmac-sha2-256', u'hmac-sha2-512', u'hmac-sha1'] client compress:[u'none', u'zlib', u'zlib@openssh.com'] server compress:[u'none', u'zlib', u'zlib@openssh.com'] client lang:[u''] server lang:[u''] kex follows?False
DEB [20191031-18:57:57.240] thr=1   paramiko.transport: Kex agreed: ecdh-sha2-nistp256
DEB [20191031-18:57:57.240] thr=1   paramiko.transport: HostKey agreed: ecdsa-sha2-nistp256
DEB [20191031-18:57:57.240] thr=1   paramiko.transport: Cipher agreed: aes128-ctr
DEB [20191031-18:57:57.240] thr=1   paramiko.transport: MAC agreed: hmac-sha2-256
DEB [20191031-18:57:57.240] thr=1   paramiko.transport: Compression agreed: none
DEB [20191031-18:57:57.362] thr=1   paramiko.transport: kex engine KexNistp256 specified hash_algo <built-in function openssl_sha256>
DEB [20191031-18:57:57.457] thr=1   paramiko.transport: Switch to new keys ...
DEB [20191031-18:57:57.462] thr=2   paramiko.transport: [chan 0] Max packet in: 32768 bytes
DEB [20191031-18:57:57.712] thr=1   paramiko.transport: [chan 0] Max packet out: 35000 bytes
DEB [20191031-18:57:57.712] thr=1   paramiko.transport: Secsh channel 0 opened.
DEB [20191031-18:57:57.825] thr=1   paramiko.transport: [chan 0] Sesch channel 0 request ok
DEB [20191031-18:57:57.926] thr=1   paramiko.transport: EOF in transport thread
